<?xml version="1.0" encoding="UTF-8"?>
<scr:component
  xmlns:scr="http://www.osgi.org/xmlns/scr/v1.3.0" activate="onActivate"
  configuration-policy="require" deactivate="onDeactivate"
  immediate="true" modified="onModified"
  name="com.diamondq.common.injection.test.testconstructor">
  <implementation
    class="com.diamondq.common.injection.osgi.testmodel.TestConstructor" />
  <service>
    <provide
      interface="com.diamondq.common.injection.osgi.testmodel.TestConstructor" />
  </service>
</scr:component>